Build started 4/25/2013 5:33:42 PM.
     1>Project "C:\Users\daniel\Documents\GitHub\RPGShop\RPGShop\RPGShop.vcxproj" on node 2 (build target(s)).
     1>InitializeBuildStatus:
         Touching "Debug\RPGShop.unsuccessfulbuild".
       ClCompile:
         C:\Program Files (x86)\Microsoft Visual Studio 10.0\VC\bin\CL.exe /c /ZI /nologo /W3 /WX- /Od /Oy- /D _MBCS /Gm /EHsc /RTC1 /MDd /GS /fp:precise /Zc:wchar_t /Zc:forScope /Fo"Debug\\" /Fd"Debug\vc100.pdb" /Gd /TP /analyze- /errorReport:prompt Assets.cpp driver.cpp menu.cpp Pack.cpp party.cpp Shop.cpp utiliity.cpp
         utiliity.cpp
         Shop.cpp
         party.cpp
         Pack.cpp
     1>c:\users\daniel\documents\github\rpgshop\rpgshop\party.h(30): error C2146: syntax error : missing ';' before identifier 'partyPack'
     1>c:\users\daniel\documents\github\rpgshop\rpgshop\party.h(30): error C4430: missing type specifier - int assumed. Note: C++ does not support default-int
     1>c:\users\daniel\documents\github\rpgshop\rpgshop\party.h(30): error C4430: missing type specifier - int assumed. Note: C++ does not support default-int
         menu.cpp
         driver.cpp
         Assets.cpp
         Generating Code...
     1>Done Building Project "C:\Users\daniel\Documents\GitHub\RPGShop\RPGShop\RPGShop.vcxproj" (build target(s)) -- FAILED.

Build FAILED.

Time Elapsed 00:00:05.14
